2025-06-29 01:44:40 [INFO] Working directory: /Users/shubhamkumar/CascadeProjects/my-project/ingestion_framework

[0;36m================================================================================[0m
[0;36m                        🚀 PHASE 1: PLATFORM DEPLOYMENT                        [0m
[0;36m================================================================================[0m

2025-06-29 01:44:40 [INFO] Building and starting all services...
2025-06-29 01:44:40 [INFO] Executing: Platform deployment
2025-06-29 01:44:40 [DEBUG] Command: ./entrypoint.sh
[0;34m=========================================================[0m
[0;32mKafka to Lakehouse Ingestion Framework - Setup Script[0m
[0;34m=========================================================[0m

[1;33m>>> Checking prerequisites[0m
[0;32m✓ Docker is installed[0m
[0;32m✓ Docker Compose is installed[0m
[0;32m✓ SBT is installed[0m
[0;32m✓ Java is installed[0m

[1;33m>>> Making init scripts executable[0m
[0;32m✓ Made init scripts executable[0m

[1;33m>>> Building Java Metastore service[0m
Building Java Metastore service...
[INFO] Scanning for projects...
[INFO] 
[INFO] -------------------< com.example:metastore-service >--------------------
[INFO] Building Metastore Service 1.0.0
[INFO]   from pom.xml
[INFO] --------------------------------[ jar ]---------------------------------
[INFO] 
[INFO] --- clean:3.3.2:clean (default-clean) @ metastore-service ---
[INFO] Deleting /Users/shubhamkumar/CascadeProjects/my-project/ingestion_framework/metastore-java/target
[INFO] 
[INFO] --- resources:3.3.1:resources (default-resources) @ metastore-service ---
[INFO] Copying 1 resource from src/main/resources to target/classes
[INFO] Copying 0 resource from src/main/resources to target/classes
[INFO] 
[INFO] --- compiler:3.11.0:compile (default-compile) @ metastore-service ---
[INFO] Changes detected - recompiling the module! :source
[INFO] Compiling 12 source files with javac [debug release 17] to target/classes
[INFO] 
[INFO] --- resources:3.3.1:testResources (default-testResources) @ metastore-service ---
[INFO] skip non existing resourceDirectory /Users/shubhamkumar/CascadeProjects/my-project/ingestion_framework/metastore-java/src/test/resources
[INFO] 
[INFO] --- compiler:3.11.0:testCompile (default-testCompile) @ metastore-service ---
[INFO] No sources to compile
[INFO] 
[INFO] --- surefire:3.1.2:test (default-test) @ metastore-service ---
[INFO] Tests are skipped.
[INFO] 
[INFO] --- jar:3.3.0:jar (default-jar) @ metastore-service ---
[INFO] Building jar: /Users/shubhamkumar/CascadeProjects/my-project/ingestion_framework/metastore-java/target/metastore-service-1.0.0.jar
[INFO] 
[INFO] --- spring-boot:3.2.0:repackage (repackage) @ metastore-service ---
[INFO] Replacing main artifact /Users/shubhamkumar/CascadeProjects/my-project/ingestion_framework/metastore-java/target/metastore-service-1.0.0.jar with repackaged archive, adding nested dependencies in BOOT-INF/.
[INFO] The original artifact has been renamed to /Users/shubhamkumar/CascadeProjects/my-project/ingestion_framework/metastore-java/target/metastore-service-1.0.0.jar.original
[INFO] ------------------------------------------------------------------------
[INFO] BUILD SUCCESS
[INFO] ------------------------------------------------------------------------
[INFO] Total time:  1.556 s
[INFO] Finished at: 2025-06-29T01:44:43+05:30
[INFO] ------------------------------------------------------------------------
Building Metrics service...
[INFO] Scanning for projects...
[INFO] 
[INFO] --------------------< com.example:metrics-service >---------------------
[INFO] Building Metrics Service 1.0.0
[INFO]   from pom.xml
[INFO] --------------------------------[ jar ]---------------------------------
[INFO] 
[INFO] --- clean:3.2.0:clean (default-clean) @ metrics-service ---
[INFO] Deleting /Users/shubhamkumar/CascadeProjects/my-project/ingestion_framework/metrics-service/target
[INFO] 
[INFO] --- resources:3.3.1:resources (default-resources) @ metrics-service ---
[INFO] Copying 1 resource from src/main/resources to target/classes
[INFO] 
[INFO] --- compiler:3.13.0:compile (default-compile) @ metrics-service ---
[INFO] Recompiling the module because of changed source code.
[INFO] Compiling 7 source files with javac [debug target 17] to target/classes
[INFO] Some messages have been simplified; recompile with -Xdiags:verbose to get full output
[INFO] -------------------------------------------------------------
[ERROR] COMPILATION ERROR : 
[INFO] -------------------------------------------------------------
[ERROR] /Users/shubhamkumar/CascadeProjects/my-project/ingestion_framework/metrics-service/src/main/java/com/example/metrics/service/MetricsService.java:[67,14] method builder in interface io.micrometer.core.instrument.Gauge cannot be applied to given types;
  required: java.lang.String,T,java.util.function.ToDoubleFunction<T>
  found:    java.lang.String
  reason: cannot infer type-variable(s) T
    (actual and formal argument lists differ in length)
[ERROR] /Users/shubhamkumar/CascadeProjects/my-project/ingestion_framework/metrics-service/src/main/java/com/example/metrics/service/MetricsService.java:[72,14] method builder in interface io.micrometer.core.instrument.Gauge cannot be applied to given types;
  required: java.lang.String,T,java.util.function.ToDoubleFunction<T>
  found:    java.lang.String
  reason: cannot infer type-variable(s) T
    (actual and formal argument lists differ in length)
[INFO] 2 errors 
[INFO] -------------------------------------------------------------
[INFO] ------------------------------------------------------------------------
[INFO] BUILD FAILURE
[INFO] ------------------------------------------------------------------------
[INFO] Total time:  0.984 s
[INFO] Finished at: 2025-06-29T01:44:44+05:30
[INFO] ------------------------------------------------------------------------
[ERROR] Failed to execute goal org.apache.maven.plugins:maven-compiler-plugin:3.13.0:compile (default-compile) on project metrics-service: Compilation failure: Compilation failure: 
[ERROR] /Users/shubhamkumar/CascadeProjects/my-project/ingestion_framework/metrics-service/src/main/java/com/example/metrics/service/MetricsService.java:[67,14] method builder in interface io.micrometer.core.instrument.Gauge cannot be applied to given types;
[ERROR]   required: java.lang.String,T,java.util.function.ToDoubleFunction<T>
[ERROR]   found:    java.lang.String
[ERROR]   reason: cannot infer type-variable(s) T
[ERROR]     (actual and formal argument lists differ in length)
[ERROR] /Users/shubhamkumar/CascadeProjects/my-project/ingestion_framework/metrics-service/src/main/java/com/example/metrics/service/MetricsService.java:[72,14] method builder in interface io.micrometer.core.instrument.Gauge cannot be applied to given types;
[ERROR]   required: java.lang.String,T,java.util.function.ToDoubleFunction<T>
[ERROR]   found:    java.lang.String
[ERROR]   reason: cannot infer type-variable(s) T
[ERROR]     (actual and formal argument lists differ in length)
[ERROR] -> [Help 1]
[ERROR] 
[ERROR] To see the full stack trace of the errors, re-run Maven with the -e switch.
[ERROR] Re-run Maven using the -X switch to enable full debug logging.
[ERROR] 
[ERROR] For more information about the errors and possible solutions, please read the following articles:
[ERROR] [Help 1] http://cwiki.apache.org/confluence/display/MAVEN/MojoFailureException
2025-06-29 01:44:44 [ERROR] Platform deployment ✗
2025-06-29 01:44:44 [ERROR] Platform deployment failed
2025-06-29 01:44:44 [ERROR] Check the log file for details: demo_20250629_014440.log
