2025-06-29 01:28:31 [INFO] Starting Quick Kafka Ingestion Platform Demo
2025-06-29 01:28:31 [INFO] Log file: quick_demo_20250629_012831.log
2025-06-29 01:28:31 [INFO] Working directory: /Users/shubhamkumar/CascadeProjects/my-project/ingestion_framework

[0;36m========================================[0m
[0;36m 🚀 QUICK PLATFORM STARTUP[0m
[0;36m========================================[0m

2025-06-29 01:28:32 [INFO] Starting Docker Compose services...
2025-06-29 01:28:32 [INFO] Executing: Docker Compose startup
2025-06-29 01:28:32 [DEBUG] Command: docker-compose up -d
 redpanda-console Pulling 
 airflow-webserver Pulling 
 localstack Pulling 
 redpanda Pulling 
 spark-master Pulling 
 airflow-init Pulling 
 spark-worker Pulling 
 airflow-scheduler Pulling 
 redpanda Error 
 airflow-scheduler Error 
 redpanda-console Error 
 spark-master Error 
 airflow-init Error 
 airflow-webserver Error 
 localstack Error 
 spark-worker Error 
Error response from daemon: repository docker.redpanda.com/vectorized/redpanda not found: name unknown: repository name not known to registry
2025-06-29 01:28:37 [ERROR] Docker Compose startup ✗
