2025-06-29 01:39:41 [INFO] Starting Working Kafka Ingestion Platform Demo
2025-06-29 01:39:41 [INFO] Log file: working_demo_20250629_013941.log
2025-06-29 01:39:41 [INFO] Working directory: /Users/shubhamkumar/CascadeProjects/my-project/ingestion_framework

[0;36m================================================================================[0m
[0;36m                                    🎯 DEMO OVERVIEW                                    [0m
[0;36m================================================================================[0m


[0;36m================================================================================[0m
[0;36m                                    🚀 PHASE 1: INFRASTRUCTURE SETUP                                    [0m
[0;36m================================================================================[0m

2025-06-29 01:39:41 [INFO] Stopping any existing services...
2025-06-29 01:39:41 [INFO] Starting Kafka, PostgreSQL, and LocalStack...
2025-06-29 01:39:41 [INFO] Executing: Infrastructure startup
2025-06-29 01:39:41 [DEBUG] Command: docker-compose -f docker-compose-working.yml up -d
 kafka-ui Pulling 
 zookeeper Pulling 
 kafka Pulling 
 734c82f14444 Already exists 
 4a545a007254 Already exists 
 734c82f14444 Already exists 
 ee7c6c4138ac Already exists 
 4a545a007254 Already exists 
 b03faae2ed2a Already exists 
 ee7c6c4138ac Already exists 
 2bafef137428 Already exists 
 b03faae2ed2a Already exists 
 2bafef137428 Already exists 
 e44bd8ab44d9 Already exists 
 e44bd8ab44d9 Already exists 
 11c3fd17c9d0 Already exists 
 11c3fd17c9d0 Already exists 
 012120744492 Already exists 
 012120744492 Already exists 
 60a00c11adf5 Pulling fs layer 
 198908454131 Pulling fs layer 
 98eca93caa9b Pulling fs layer 
 0837c055c278 Pulling fs layer 
 20ccf3e8431f Pulling fs layer 
 c2fb3a8026b6 Pulling fs layer 
 4f27eecc6d58 Pulling fs layer 
 20ccf3e8431f Waiting 
 c2fb3a8026b6 Waiting 
 4f27eecc6d58 Waiting 
 0837c055c278 Waiting 
 6aa2ad5c2509 Already exists 
 6aa2ad5c2509 Already exists 
 6f1217feaafa Already exists 
 ed1166efe130 Pulling fs layer 
 71e73b8332b1 Pulling fs layer 
 71e73b8332b1 Waiting 
 ed1166efe130 Waiting 
 c6193bc97b03 Already exists 
 98eca93caa9b Downloading [>                                                  ]  1.369kB/74.28kB
 98eca93caa9b Verifying Checksum 
 98eca93caa9b Download complete 
 kafka Pulled 
 60a00c11adf5 Downloading [>                                                  ]  28.17kB/2.722MB
 60a00c11adf5 Downloading [===========================>                       ]   1.51MB/2.722MB
 60a00c11adf5 Download complete 
 60a00c11adf5 Extracting [>                                                  ]  32.77kB/2.722MB
 0837c055c278 Downloading [=====================================>             ]     933B/1.244kB
 0837c055c278 Downloading [==================================================>]  1.244kB/1.244kB
 0837c055c278 Verifying Checksum 
 0837c055c278 Download complete 
 60a00c11adf5 Extracting [==================================================>]  2.722MB/2.722MB
 60a00c11adf5 Pull complete 
 c2fb3a8026b6 Downloading [==================================================>]     120B/120B
 c2fb3a8026b6 Verifying Checksum 
 c2fb3a8026b6 Download complete 
 20ccf3e8431f Downloading [==================================================>]     115B/115B
 20ccf3e8431f Verifying Checksum 
 20ccf3e8431f Download complete 
 198908454131 Downloading [>                                                  ]  539.1kB/55.05MB
 198908454131 Downloading [=>                                                 ]  2.161MB/55.05MB
 198908454131 Downloading [==>                                                ]  3.242MB/55.05MB
 198908454131 Downloading [===>                                               ]  4.316MB/55.05MB
 198908454131 Downloading [====>                                              ]  5.389MB/55.05MB
 4f27eecc6d58 Downloading [>                                                  ]  540.1kB/87.82MB
 4f27eecc6d58 Downloading [>                                                  ]  1.081MB/87.82MB
 198908454131 Downloading [=====>                                             ]  6.458MB/55.05MB
 198908454131 Downloading [======>                                            ]  6.998MB/55.05MB
 4f27eecc6d58 Downloading [=>                                                 ]  2.703MB/87.82MB
 4f27eecc6d58 Downloading [==>                                                ]  3.783MB/87.82MB
 4f27eecc6d58 Downloading [==>                                                ]  4.324MB/87.82MB
 198908454131 Downloading [=======>                                           ]   8.08MB/55.05MB
 4f27eecc6d58 Downloading [==>                                                ]  4.864MB/87.82MB
 ed1166efe130 Downloading [>                                                  ]  531.7kB/107.6MB
 198908454131 Downloading [=======>                                           ]   8.62MB/55.05MB
 4f27eecc6d58 Downloading [===>                                               ]  5.942MB/87.82MB
 ed1166efe130 Downloading [>                                                  ]  1.613MB/107.6MB
 198908454131 Downloading [========>                                          ]  9.161MB/55.05MB
 198908454131 Downloading [========>                                          ]  9.702MB/55.05MB
 ed1166efe130 Downloading [=>                                                 ]  2.154MB/107.6MB
 198908454131 Downloading [=========>                                         ]  10.24MB/55.05MB
 ed1166efe130 Downloading [=>                                                 ]  3.776MB/107.6MB
 198908454131 Downloading [=========>                                         ]  10.78MB/55.05MB
 4f27eecc6d58 Downloading [===>                                               ]  6.482MB/87.82MB
 ed1166efe130 Downloading [==>                                                ]   5.39MB/107.6MB
 4f27eecc6d58 Downloading [===>                                               ]  7.015MB/87.82MB
 4f27eecc6d58 Downloading [====>                                              ]  7.556MB/87.82MB
 ed1166efe130 Downloading [==>                                                ]  6.451MB/107.6MB
 ed1166efe130 Downloading [===>                                               ]  6.992MB/107.6MB
 4f27eecc6d58 Downloading [====>                                              ]  8.084MB/87.82MB
 4f27eecc6d58 Downloading [====>                                              ]  8.612MB/87.82MB
 ed1166efe130 Downloading [===>                                               ]  7.528MB/107.6MB
 4f27eecc6d58 Downloading [=====>                                             ]  9.153MB/87.82MB
 ed1166efe130 Downloading [===>                                               ]  8.057MB/107.6MB
 ed1166efe130 Downloading [====>                                              ]  9.126MB/107.6MB
 4f27eecc6d58 Downloading [=====>                                             ]  9.681MB/87.82MB
 4f27eecc6d58 Downloading [=====>                                             ]  10.22MB/87.82MB
 4f27eecc6d58 Downloading [======>                                            ]  10.76MB/87.82MB
 ed1166efe130 Downloading [====>                                              ]  10.21MB/107.6MB
 ed1166efe130 Downloading [====>                                              ]  10.75MB/107.6MB
 4f27eecc6d58 Downloading [======>                                            ]  11.29MB/87.82MB
 ed1166efe130 Downloading [=====>                                             ]  12.37MB/107.6MB
 ed1166efe130 Downloading [=====>                                             ]  12.91MB/107.6MB
 4f27eecc6d58 Downloading [======>                                            ]  11.83MB/87.82MB
 ed1166efe130 Downloading [======>                                            ]  13.45MB/107.6MB
 4f27eecc6d58 Downloading [=======>                                           ]  12.36MB/87.82MB
 ed1166efe130 Downloading [======>                                            ]  13.98MB/107.6MB
 4f27eecc6d58 Downloading [=======>                                           ]   12.9MB/87.82MB
 4f27eecc6d58 Downloading [=======>                                           ]  13.44MB/87.82MB
 ed1166efe130 Downloading [======>                                            ]  14.52MB/107.6MB
 4f27eecc6d58 Downloading [=======>                                           ]  13.98MB/87.82MB
 ed1166efe130 Downloading [======>                                            ]  15.06MB/107.6MB
 4f27eecc6d58 Downloading [========>                                          ]  14.51MB/87.82MB
 4f27eecc6d58 Downloading [========>                                          ]  15.05MB/87.82MB
 ed1166efe130 Downloading [=======>                                           ]  15.59MB/107.6MB
 4f27eecc6d58 Downloading [========>                                          ]  15.58MB/87.82MB
 ed1166efe130 Downloading [=======>                                           ]  16.13MB/107.6MB
 4f27eecc6d58 Downloading [=========>                                         ]  16.12MB/87.82MB
 4f27eecc6d58 Downloading [=========>                                         ]  16.65MB/87.82MB
 4f27eecc6d58 Downloading [=========>                                         ]  17.19MB/87.82MB
 ed1166efe130 Downloading [=======>                                           ]  16.66MB/107.6MB
 4f27eecc6d58 Downloading [==========>                                        ]  17.73MB/87.82MB
 ed1166efe130 Downloading [=======>                                           ]  17.19MB/107.6MB
 4f27eecc6d58 Downloading [==========>                                        ]  18.27MB/87.82MB
 4f27eecc6d58 Downloading [==========>                                        ]  18.81MB/87.82MB
 ed1166efe130 Downloading [========>                                          ]  17.73MB/107.6MB
 4f27eecc6d58 Downloading [===========>                                       ]  19.35MB/87.82MB
 ed1166efe130 Downloading [========>                                          ]  18.27MB/107.6MB
 4f27eecc6d58 Downloading [===========>                                       ]  19.88MB/87.82MB
 ed1166efe130 Downloading [========>                                          ]  18.81MB/107.6MB
 ed1166efe130 Downloading [========>                                          ]  19.35MB/107.6MB
 4f27eecc6d58 Downloading [===========>                                       ]  20.43MB/87.82MB
 ed1166efe130 Downloading [=========>                                         ]  20.43MB/107.6MB
 4f27eecc6d58 Downloading [===========>                                       ]  20.97MB/87.82MB
 4f27eecc6d58 Downloading [============>                                      ]   21.5MB/87.82MB
 4f27eecc6d58 Downloading [============>                                      ]  22.04MB/87.82MB
 198908454131 Downloading [===========>                                       ]  12.94MB/55.05MB
 4f27eecc6d58 Downloading [============>                                      ]  22.58MB/87.82MB
 ed1166efe130 Downloading [=========>                                         ]  20.98MB/107.6MB
 4f27eecc6d58 Downloading [=============>                                     ]  23.11MB/87.82MB
 4f27eecc6d58 Downloading [=============>                                     ]  23.64MB/87.82MB
 4f27eecc6d58 Downloading [=============>                                     ]  24.18MB/87.82MB
 4f27eecc6d58 Downloading [==============>                                    ]  24.72MB/87.82MB
 4f27eecc6d58 Downloading [==============>                                    ]  25.25MB/87.82MB
 ed1166efe130 Downloading [=========>                                         ]  21.51MB/107.6MB
 4f27eecc6d58 Downloading [==============>                                    ]  25.78MB/87.82MB
 ed1166efe130 Downloading [==========>                                        ]  22.04MB/107.6MB
 4f27eecc6d58 Downloading [===============>                                   ]  26.86MB/87.82MB
 4f27eecc6d58 Downloading [===============>                                   ]   27.4MB/87.82MB
 4f27eecc6d58 Downloading [===============>                                   ]  27.94MB/87.82MB
 4f27eecc6d58 Downloading [================>                                  ]  28.48MB/87.82MB
 ed1166efe130 Downloading [==========>                                        ]  22.57MB/107.6MB
 4f27eecc6d58 Downloading [================>                                  ]  29.01MB/87.82MB
 4f27eecc6d58 Downloading [================>                                  ]  29.55MB/87.82MB
 4f27eecc6d58 Downloading [=================>                                 ]  30.09MB/87.82MB
 4f27eecc6d58 Downloading [=================>                                 ]  30.63MB/87.82MB
 ed1166efe130 Downloading [==========>                                        ]  23.11MB/107.6MB
 ed1166efe130 Downloading [==========>                                        ]  23.65MB/107.6MB
 4f27eecc6d58 Downloading [=================>                                 ]  31.16MB/87.82MB
 198908454131 Downloading [============>                                      ]  13.48MB/55.05MB
 ed1166efe130 Downloading [===========>                                       ]  24.19MB/107.6MB
 4f27eecc6d58 Downloading [==================>                                ]  31.69MB/87.82MB
 ed1166efe130 Downloading [===========>                                       ]  24.73MB/107.6MB
 4f27eecc6d58 Downloading [==================>                                ]  32.22MB/87.82MB
 4f27eecc6d58 Downloading [==================>                                ]  32.76MB/87.82MB
 ed1166efe130 Downloading [===========>                                       ]  25.27MB/107.6MB
 4f27eecc6d58 Downloading [==================>                                ]   33.3MB/87.82MB
 ed1166efe130 Downloading [===========>                                       ]  25.81MB/107.6MB
 198908454131 Downloading [============>                                      ]  14.01MB/55.05MB
 4f27eecc6d58 Downloading [===================>                               ]  33.83MB/87.82MB
 198908454131 Downloading [=============>                                     ]  14.55MB/55.05MB
 ed1166efe130 Downloading [============>                                      ]  26.35MB/107.6MB
 198908454131 Downloading [=============>                                     ]  15.09MB/55.05MB
 ed1166efe130 Downloading [============>                                      ]  26.89MB/107.6MB
 ed1166efe130 Downloading [============>                                      ]  27.42MB/107.6MB
 ed1166efe130 Downloading [============>                                      ]  27.96MB/107.6MB
 198908454131 Downloading [==============>                                    ]  15.62MB/55.05MB
 198908454131 Downloading [==============>                                    ]  16.16MB/55.05MB
 4f27eecc6d58 Downloading [===================>                               ]  34.37MB/87.82MB
 ed1166efe130 Downloading [=============>                                     ]   28.5MB/107.6MB
 4f27eecc6d58 Downloading [===================>                               ]   34.9MB/87.82MB
 198908454131 Downloading [===============>                                   ]   16.7MB/55.05MB
 ed1166efe130 Downloading [=============>                                     ]  29.03MB/107.6MB
 ed1166efe130 Downloading [=============>                                     ]  29.57MB/107.6MB
 4f27eecc6d58 Downloading [====================>                              ]  35.43MB/87.82MB
 4f27eecc6d58 Downloading [====================>                              ]  35.97MB/87.82MB
 4f27eecc6d58 Downloading [=====================>                             ]  37.03MB/87.82MB
 ed1166efe130 Downloading [=============>                                     ]  30.11MB/107.6MB
 198908454131 Downloading [===============>                                   ]  17.24MB/55.05MB
 ed1166efe130 Downloading [==============>                                    ]  30.65MB/107.6MB
 198908454131 Downloading [================>                                  ]  17.78MB/55.05MB
 4f27eecc6d58 Downloading [=====================>                             ]  37.56MB/87.82MB
 ed1166efe130 Downloading [==============>                                    ]  31.17MB/107.6MB
 4f27eecc6d58 Downloading [=====================>                             ]   38.1MB/87.82MB
 4f27eecc6d58 Downloading [=====================>                             ]  38.64MB/87.82MB
 ed1166efe130 Downloading [==============>                                    ]  31.72MB/107.6MB
 4f27eecc6d58 Downloading [======================>                            ]  39.18MB/87.82MB
 4f27eecc6d58 Downloading [======================>                            ]  39.72MB/87.82MB
 ed1166efe130 Downloading [===============>                                   ]  32.78MB/107.6MB
 4f27eecc6d58 Downloading [=======================>                           ]  40.79MB/87.82MB
 ed1166efe130 Downloading [===============>                                   ]  33.32MB/107.6MB
 4f27eecc6d58 Downloading [=======================>                           ]  41.33MB/87.82MB
 4f27eecc6d58 Downloading [=======================>                           ]  41.86MB/87.82MB
 ed1166efe130 Downloading [===============>                                   ]  33.86MB/107.6MB
 4f27eecc6d58 Downloading [========================>                          ]   42.4MB/87.82MB
 4f27eecc6d58 Downloading [========================>                          ]  42.94MB/87.82MB
 4f27eecc6d58 Downloading [========================>                          ]  43.49MB/87.82MB
 4f27eecc6d58 Downloading [=========================>                         ]  44.02MB/87.82MB
 ed1166efe130 Downloading [===============>                                   ]  34.39MB/107.6MB
 4f27eecc6d58 Downloading [=========================>                         ]  44.56MB/87.82MB
 198908454131 Downloading [=================>                                 ]  18.85MB/55.05MB
 ed1166efe130 Downloading [================>                                  ]  34.93MB/107.6MB
 198908454131 Downloading [=================>                                 ]  19.38MB/55.05MB
 198908454131 Downloading [==================>                                ]  20.47MB/55.05MB
 ed1166efe130 Downloading [================>                                  ]  35.47MB/107.6MB
 198908454131 Downloading [===================>                               ]  21.01MB/55.05MB
 ed1166efe130 Downloading [================>                                  ]  36.01MB/107.6MB
 ed1166efe130 Downloading [================>                                  ]  36.54MB/107.6MB
 4f27eecc6d58 Downloading [=========================>                         ]   45.1MB/87.82MB
 4f27eecc6d58 Downloading [=========================>                         ]  45.63MB/87.82MB
 198908454131 Downloading [===================>                               ]  21.55MB/55.05MB
 4f27eecc6d58 Downloading [==========================>                        ]  46.71MB/87.82MB
 198908454131 Downloading [====================>                              ]  22.09MB/55.05MB
 ed1166efe130 Downloading [=================>                                 ]  37.09MB/107.6MB
 ed1166efe130 Downloading [=================>                                 ]  37.63MB/107.6MB
 ed1166efe130 Downloading [=================>                                 ]  38.17MB/107.6MB
 ed1166efe130 Downloading [==================>                                ]  39.23MB/107.6MB
 ed1166efe130 Downloading [==================>                                ]  39.77MB/107.6MB
 ed1166efe130 Downloading [==================>                                ]  40.31MB/107.6MB
 4f27eecc6d58 Downloading [==========================>                        ]  47.25MB/87.82MB
 4f27eecc6d58 Downloading [===========================>                       ]  47.77MB/87.82MB
 4f27eecc6d58 Downloading [===========================>                       ]  48.31MB/87.82MB
 4f27eecc6d58 Downloading [============================>                      ]  49.38MB/87.82MB
 4f27eecc6d58 Downloading [============================>                      ]  49.92MB/87.82MB
 4f27eecc6d58 Downloading [============================>                      ]  50.47MB/87.82MB
 198908454131 Downloading [====================>                              ]  22.62MB/55.05MB
 ed1166efe130 Downloading [==================>                                ]  40.84MB/107.6MB
 4f27eecc6d58 Downloading [=============================>                     ]  51.01MB/87.82MB
 4f27eecc6d58 Downloading [=============================>                     ]  51.53MB/87.82MB
 ed1166efe130 Downloading [===================>                               ]  41.38MB/107.6MB
 198908454131 Downloading [=====================>                             ]  23.16MB/55.05MB
 ed1166efe130 Downloading [===================>                               ]  41.92MB/107.6MB
 198908454131 Downloading [=====================>                             ]   23.7MB/55.05MB
 4f27eecc6d58 Downloading [=============================>                     ]  52.06MB/87.82MB
 ed1166efe130 Downloading [===================>                               ]  42.46MB/107.6MB
 198908454131 Downloading [======================>                            ]  24.77MB/55.05MB
 4f27eecc6d58 Downloading [=============================>                     ]   52.6MB/87.82MB
 4f27eecc6d58 Downloading [==============================>                    ]  53.12MB/87.82MB
 ed1166efe130 Downloading [===================>                               ]     43MB/107.6MB
 4f27eecc6d58 Downloading [==============================>                    ]  53.66MB/87.82MB
 4f27eecc6d58 Downloading [==============================>                    ]   54.2MB/87.82MB
 4f27eecc6d58 Downloading [===============================>                   ]  54.75MB/87.82MB
 4f27eecc6d58 Downloading [===============================>                   ]  55.29MB/87.82MB
 4f27eecc6d58 Downloading [===============================>                   ]  55.82MB/87.82MB
 4f27eecc6d58 Downloading [================================>                  ]  56.36MB/87.82MB
 4f27eecc6d58 Downloading [================================>                  ]   56.9MB/87.82MB
 4f27eecc6d58 Downloading [=================================>                 ]  57.99MB/87.82MB
 4f27eecc6d58 Downloading [=================================>                 ]  58.53MB/87.82MB
 4f27eecc6d58 Downloading [=================================>                 ]  59.07MB/87.82MB
 4f27eecc6d58 Downloading [=================================>                 ]  59.61MB/87.82MB
 ed1166efe130 Downloading [====================>                              ]  43.54MB/107.6MB
 4f27eecc6d58 Downloading [==================================>                ]  60.15MB/87.82MB
 4f27eecc6d58 Downloading [==================================>                ]  60.69MB/87.82MB
 4f27eecc6d58 Downloading [==================================>                ]  61.23MB/87.82MB
 ed1166efe130 Downloading [====================>                              ]  44.07MB/107.6MB
 4f27eecc6d58 Downloading [===================================>               ]  61.77MB/87.82MB
 4f27eecc6d58 Downloading [===================================>               ]  62.31MB/87.82MB
 4f27eecc6d58 Downloading [===================================>               ]  62.85MB/87.82MB
 4f27eecc6d58 Downloading [====================================>              ]  63.38MB/87.82MB
 ed1166efe130 Downloading [====================>                              ]  44.61MB/107.6MB
 4f27eecc6d58 Downloading [====================================>              ]  63.91MB/87.82MB
 4f27eecc6d58 Downloading [====================================>              ]  64.44MB/87.82MB
 4f27eecc6d58 Downloading [====================================>              ]  64.98MB/87.82MB
 4f27eecc6d58 Downloading [=====================================>             ]  65.51MB/87.82MB
 4f27eecc6d58 Downloading [=====================================>             ]  66.04MB/87.82MB
 ed1166efe130 Downloading [====================>                              ]  45.15MB/107.6MB
 198908454131 Downloading [======================>                            ]  25.31MB/55.05MB
 ed1166efe130 Downloading [=====================>                             ]  45.69MB/107.6MB
 4f27eecc6d58 Downloading [=====================================>             ]  66.58MB/87.82MB
 4f27eecc6d58 Downloading [======================================>            ]  67.12MB/87.82MB
 ed1166efe130 Downloading [=====================>                             ]  46.23MB/107.6MB
 4f27eecc6d58 Downloading [======================================>            ]  67.65MB/87.82MB
 4f27eecc6d58 Downloading [======================================>            ]  68.19MB/87.82MB
 ed1166efe130 Downloading [=====================>                             ]  46.76MB/107.6MB
 4f27eecc6d58 Downloading [=======================================>           ]  68.73MB/87.82MB
 ed1166efe130 Downloading [=====================>                             ]   47.3MB/107.6MB
 4f27eecc6d58 Downloading [=======================================>           ]  69.26MB/87.82MB
 4f27eecc6d58 Downloading [=======================================>           ]  69.79MB/87.82MB
 ed1166efe130 Downloading [======================>                            ]  47.84MB/107.6MB
 4f27eecc6d58 Downloading [========================================>          ]  70.33MB/87.82MB
 4f27eecc6d58 Downloading [========================================>          ]  70.87MB/87.82MB
 4f27eecc6d58 Downloading [========================================>          ]  71.41MB/87.82MB
 4f27eecc6d58 Downloading [========================================>          ]  71.95MB/87.82MB
 ed1166efe130 Downloading [======================>                            ]  48.37MB/107.6MB
 ed1166efe130 Downloading [======================>                            ]  48.91MB/107.6MB
 ed1166efe130 Downloading [=======================>                           ]  49.99MB/107.6MB
 ed1166efe130 Downloading [=======================>                           ]  50.53MB/107.6MB
 ed1166efe130 Downloading [=======================>                           ]  51.07MB/107.6MB
 ed1166efe130 Downloading [=======================>                           ]   51.6MB/107.6MB
 4f27eecc6d58 Downloading [=========================================>         ]  72.49MB/87.82MB
 ed1166efe130 Downloading [========================>                          ]  52.14MB/107.6MB
 ed1166efe130 Downloading [========================>                          ]  52.67MB/107.6MB
 4f27eecc6d58 Downloading [=========================================>         ]  73.03MB/87.82MB
 4f27eecc6d58 Downloading [=========================================>         ]  73.57MB/87.82MB
 ed1166efe130 Downloading [========================>                          ]  53.21MB/107.6MB
 ed1166efe130 Downloading [========================>                          ]  53.75MB/107.6MB
 ed1166efe130 Downloading [=========================>                         ]  54.29MB/107.6MB
 4f27eecc6d58 Downloading [==========================================>        ]  74.11MB/87.82MB
 ed1166efe130 Downloading [=========================>                         ]  54.82MB/107.6MB
 ed1166efe130 Downloading [=========================>                         ]  55.36MB/107.6MB
 4f27eecc6d58 Downloading [==========================================>        ]  74.65MB/87.82MB
 ed1166efe130 Downloading [=========================>                         ]   55.9MB/107.6MB
 4f27eecc6d58 Downloading [==========================================>        ]  75.18MB/87.82MB
 4f27eecc6d58 Downloading [===========================================>       ]  75.71MB/87.82MB
 ed1166efe130 Downloading [==========================>                        ]  56.43MB/107.6MB
 4f27eecc6d58 Downloading [===========================================>       ]  76.79MB/87.82MB
 4f27eecc6d58 Downloading [============================================>      ]  77.87MB/87.82MB
 4f27eecc6d58 Downloading [============================================>      ]  78.94MB/87.82MB
 4f27eecc6d58 Downloading [=============================================>     ]  79.47MB/87.82MB
 4f27eecc6d58 Downloading [=============================================>     ]  80.01MB/87.82MB
 198908454131 Downloading [=======================>                           ]  25.85MB/55.05MB
 ed1166efe130 Downloading [==========================>                        ]  56.96MB/107.6MB
 ed1166efe130 Downloading [==========================>                        ]   57.5MB/107.6MB
 198908454131 Downloading [=======================>                           ]  26.38MB/55.05MB
 ed1166efe130 Downloading [==========================>                        ]  58.04MB/107.6MB
 ed1166efe130 Downloading [===========================>                       ]  59.12MB/107.6MB
 198908454131 Downloading [========================>                          ]  26.92MB/55.05MB
 ed1166efe130 Downloading [===========================>                       ]  59.66MB/107.6MB
 4f27eecc6d58 Downloading [=============================================>     ]  80.55MB/87.82MB
 198908454131 Downloading [=========================>                         ]  28.52MB/55.05MB
 ed1166efe130 Downloading [============================>                      ]  60.74MB/107.6MB
 4f27eecc6d58 Downloading [==============================================>    ]  81.09MB/87.82MB
 198908454131 Downloading [==========================>                        ]   29.6MB/55.05MB
 ed1166efe130 Downloading [============================>                      ]  61.27MB/107.6MB
 ed1166efe130 Downloading [============================>                      ]   61.8MB/107.6MB
 ed1166efe130 Downloading [=============================>                     ]  62.87MB/107.6MB
 198908454131 Downloading [===========================>                       ]  30.68MB/55.05MB
 ed1166efe130 Downloading [=============================>                     ]  63.95MB/107.6MB
 4f27eecc6d58 Downloading [==============================================>    ]  81.63MB/87.82MB
 ed1166efe130 Downloading [=============================>                     ]  64.49MB/107.6MB
 4f27eecc6d58 Downloading [==============================================>    ]  82.16MB/87.82MB
 ed1166efe130 Downloading [==============================>                    ]  65.03MB/107.6MB
 4f27eecc6d58 Downloading [===============================================>   ]   82.7MB/87.82MB
 ed1166efe130 Downloading [==============================>                    ]  65.57MB/107.6MB
 4f27eecc6d58 Downloading [===============================================>   ]  83.24MB/87.82MB
 ed1166efe130 Downloading [==============================>                    ]  66.11MB/107.6MB
 ed1166efe130 Downloading [==============================>                    ]  66.64MB/107.6MB
 4f27eecc6d58 Downloading [===============================================>   ]  83.78MB/87.82MB
 4f27eecc6d58 Downloading [================================================>  ]  84.32MB/87.82MB
 ed1166efe130 Downloading [===============================>                   ]  67.18MB/107.6MB
 4f27eecc6d58 Downloading [================================================>  ]  84.86MB/87.82MB
 4f27eecc6d58 Downloading [================================================>  ]  85.39MB/87.82MB
 4f27eecc6d58 Downloading [================================================>  ]  85.93MB/87.82MB
 4f27eecc6d58 Downloading [=================================================> ]  86.47MB/87.82MB
 4f27eecc6d58 Downloading [=================================================> ]  87.01MB/87.82MB
 4f27eecc6d58 Downloading [=================================================> ]  87.55MB/87.82MB
 198908454131 Downloading [============================>                      ]  31.21MB/55.05MB
 4f27eecc6d58 Verifying Checksum 
 4f27eecc6d58 Download complete 
 198908454131 Downloading [============================>                      ]  31.74MB/55.05MB
 ed1166efe130 Downloading [===============================>                   ]  67.71MB/107.6MB
 ed1166efe130 Downloading [===============================>                   ]  68.24MB/107.6MB
 ed1166efe130 Downloading [================================>                  ]   69.3MB/107.6MB
 71e73b8332b1 Downloading [=============>                                     ]     934B/3.449kB
 71e73b8332b1 Download complete 
 ed1166efe130 Downloading [================================>                  ]  69.84MB/107.6MB
 198908454131 Downloading [=============================>                     ]  32.28MB/55.05MB
 ed1166efe130 Downloading [=================================>                 ]  71.97MB/107.6MB
 ed1166efe130 Downloading [=================================>                 ]  73.04MB/107.6MB
 ed1166efe130 Downloading [==================================>                ]  73.58MB/107.6MB
 ed1166efe130 Downloading [==================================>                ]  74.66MB/107.6MB
 ed1166efe130 Downloading [===================================>               ]  75.73MB/107.6MB
 ed1166efe130 Downloading [===================================>               ]  76.27MB/107.6MB
 ed1166efe130 Downloading [===================================>               ]   76.8MB/107.6MB
 ed1166efe130 Downloading [===================================>               ]  77.34MB/107.6MB
 ed1166efe130 Downloading [====================================>              ]  78.41MB/107.6MB
 ed1166efe130 Downloading [====================================>              ]  78.95MB/107.6MB
 198908454131 Downloading [=============================>                     ]  32.82MB/55.05MB
 ed1166efe130 Downloading [====================================>              ]  79.49MB/107.6MB
 ed1166efe130 Downloading [=====================================>             ]  80.56MB/107.6MB
 ed1166efe130 Downloading [=====================================>             ]   81.1MB/107.6MB
 ed1166efe130 Downloading [=====================================>             ]  81.64MB/107.6MB
 ed1166efe130 Downloading [======================================>            ]  82.71MB/107.6MB
 198908454131 Downloading [==============================>                    ]  33.36MB/55.05MB
 198908454131 Downloading [==============================>                    ]   33.9MB/55.05MB
 ed1166efe130 Downloading [======================================>            ]  83.23MB/107.6MB
 ed1166efe130 Downloading [======================================>            ]  83.78MB/107.6MB
 ed1166efe130 Downloading [=======================================>           ]  84.86MB/107.6MB
 198908454131 Downloading [===============================>                   ]  34.44MB/55.05MB
 ed1166efe130 Downloading [=======================================>           ]   85.4MB/107.6MB
 198908454131 Downloading [===============================>                   ]  34.97MB/55.05MB
 ed1166efe130 Downloading [========================================>          ]  86.47MB/107.6MB
 ed1166efe130 Downloading [========================================>          ]     87MB/107.6MB
 ed1166efe130 Downloading [=========================================>         ]   88.6MB/107.6MB
 ed1166efe130 Downloading [=========================================>         ]  89.14MB/107.6MB
 ed1166efe130 Downloading [=========================================>         ]  89.67MB/107.6MB
 ed1166efe130 Downloading [=========================================>         ]   90.2MB/107.6MB
 ed1166efe130 Downloading [==========================================>        ]  90.74MB/107.6MB
 ed1166efe130 Downloading [==========================================>        ]  91.28MB/107.6MB
 ed1166efe130 Downloading [==========================================>        ]  91.82MB/107.6MB
 ed1166efe130 Downloading [==========================================>        ]  92.36MB/107.6MB
 ed1166efe130 Downloading [===========================================>       ]  92.91MB/107.6MB
 ed1166efe130 Downloading [===========================================>       ]  93.99MB/107.6MB
 ed1166efe130 Downloading [============================================>      ]  95.07MB/107.6MB
 ed1166efe130 Downloading [============================================>      ]  96.14MB/107.6MB
 ed1166efe130 Downloading [============================================>      ]  96.68MB/107.6MB
 ed1166efe130 Downloading [=============================================>     ]  97.22MB/107.6MB
 ed1166efe130 Downloading [=============================================>     ]  97.76MB/107.6MB
 ed1166efe130 Downloading [=============================================>     ]   98.3MB/107.6MB
 ed1166efe130 Downloading [=============================================>     ]  98.84MB/107.6MB
 ed1166efe130 Downloading [==============================================>    ]  99.37MB/107.6MB
 ed1166efe130 Downloading [==============================================>    ]  100.5MB/107.6MB
 ed1166efe130 Downloading [==============================================>    ]    101MB/107.6MB
 ed1166efe130 Downloading [===============================================>   ]  101.5MB/107.6MB
 198908454131 Downloading [================================>                  ]  36.05MB/55.05MB
 ed1166efe130 Downloading [===============================================>   ]  102.1MB/107.6MB
 ed1166efe130 Downloading [===============================================>   ]  102.6MB/107.6MB
 ed1166efe130 Downloading [===============================================>   ]  103.1MB/107.6MB
 ed1166efe130 Downloading [================================================>  ]  103.7MB/107.6MB
 ed1166efe130 Downloading [================================================>  ]  104.2MB/107.6MB
 ed1166efe130 Downloading [================================================>  ]  104.8MB/107.6MB
 ed1166efe130 Downloading [================================================>  ]  105.3MB/107.6MB
 ed1166efe130 Downloading [=================================================> ]  105.8MB/107.6MB
 ed1166efe130 Downloading [=================================================> ]  106.4MB/107.6MB
 ed1166efe130 Downloading [=================================================> ]  107.4MB/107.6MB
 ed1166efe130 Download complete 
 ed1166efe130 Extracting [>                                                  ]  557.1kB/107.6MB
 ed1166efe130 Extracting [===========>                                       ]  24.51MB/107.6MB
 ed1166efe130 Extracting [==========================>                        ]  57.38MB/107.6MB
 ed1166efe130 Extracting [=========================================>         ]  89.13MB/107.6MB
 ed1166efe130 Extracting [=================================================> ]    107MB/107.6MB
 ed1166efe130 Extracting [==================================================>]  107.6MB/107.6MB
 ed1166efe130 Pull complete 
 71e73b8332b1 Extracting [==================================================>]  3.449kB/3.449kB
 71e73b8332b1 Extracting [==================================================>]  3.449kB/3.449kB
 71e73b8332b1 Pull complete 
 zookeeper Pulled 
 198908454131 Downloading [=================================>                 ]  36.59MB/55.05MB
 198908454131 Downloading [===================================>               ]  38.74MB/55.05MB
 198908454131 Downloading [====================================>              ]  40.36MB/55.05MB
 198908454131 Downloading [=====================================>             ]   40.9MB/55.05MB
 198908454131 Downloading [======================================>            ]  41.97MB/55.05MB
 198908454131 Downloading [========================================>          ]  44.11MB/55.05MB
 198908454131 Downloading [========================================>          ]  44.64MB/55.05MB
 198908454131 Downloading [=========================================>         ]  45.72MB/55.05MB
 198908454131 Downloading [==========================================>        ]  46.79MB/55.05MB
 198908454131 Downloading [============================================>      ]  49.49MB/55.05MB
 198908454131 Downloading [==============================================>    ]  51.64MB/55.05MB
 198908454131 Downloading [================================================>  ]   53.8MB/55.05MB
 198908454131 Downloading [=================================================> ]  54.88MB/55.05MB
 198908454131 Download complete 
 198908454131 Extracting [>                                                  ]  557.1kB/55.05MB
 198908454131 Extracting [==========>                                        ]  11.14MB/55.05MB
 198908454131 Extracting [====================>                              ]  22.28MB/55.05MB
 198908454131 Extracting [============================>                      ]  31.75MB/55.05MB
 198908454131 Extracting [====================================>              ]  40.67MB/55.05MB
 198908454131 Extracting [=============================================>     ]  49.58MB/55.05MB
 198908454131 Extracting [==================================================>]  55.05MB/55.05MB
 198908454131 Pull complete 
 98eca93caa9b Extracting [======================>                            ]  32.77kB/74.28kB
 98eca93caa9b Extracting [==================================================>]  74.28kB/74.28kB
 98eca93caa9b Extracting [==================================================>]  74.28kB/74.28kB
 98eca93caa9b Pull complete 
 0837c055c278 Extracting [==================================================>]  1.244kB/1.244kB
 0837c055c278 Extracting [==================================================>]  1.244kB/1.244kB
 0837c055c278 Pull complete 
 20ccf3e8431f Extracting [==================================================>]     115B/115B
 20ccf3e8431f Extracting [==================================================>]     115B/115B
 20ccf3e8431f Pull complete 
 c2fb3a8026b6 Extracting [==================================================>]     120B/120B
 c2fb3a8026b6 Extracting [==================================================>]     120B/120B
 c2fb3a8026b6 Pull complete 
 4f27eecc6d58 Extracting [>                                                  ]  557.1kB/87.82MB
 4f27eecc6d58 Extracting [===========>                                       ]  20.61MB/87.82MB
 4f27eecc6d58 Extracting [===================>                               ]  35.09MB/87.82MB
 4f27eecc6d58 Extracting [================================>                  ]  56.26MB/87.82MB
 4f27eecc6d58 Extracting [=============================================>     ]   79.1MB/87.82MB
 4f27eecc6d58 Extracting [==================================================>]  87.82MB/87.82MB
 4f27eecc6d58 Pull complete 
 kafka-ui Pulled 
 Network ingestion_framework_default  Creating
 Network ingestion_framework_default  Created
 Volume "ingestion_framework_localstack_data"  Creating
 Volume "ingestion_framework_localstack_data"  Created
 Volume "ingestion_framework_postgres_data"  Creating
 Volume "ingestion_framework_postgres_data"  Created
 Container postgres  Creating
 Container zookeeper  Creating
 Container localstack  Creating
Error response from daemon: Conflict. The container name "/zookeeper" is already in use by container "b1f3fb270c2a493a73c9dd831931c19335667133e74e70c138642196d51f6672". You have to remove (or rename) that container to be able to reuse that name.
2025-06-29 01:40:48 [ERROR] Infrastructure startup ✗
2025-06-29 01:40:48 [ERROR] Failed to start infrastructure services
