2025-06-29 01:42:25 [INFO] Starting Working Kafka Ingestion Platform Demo
2025-06-29 01:42:25 [INFO] Log file: working_demo_20250629_014225.log
2025-06-29 01:42:25 [INFO] Working directory: /Users/shubhamkumar/CascadeProjects/my-project/ingestion_framework

[0;36m================================================================================[0m
[0;36m                                    🎯 DEMO OVERVIEW                                    [0m
[0;36m================================================================================[0m


[0;36m================================================================================[0m
[0;36m                                    🚀 PHASE 1: INFRASTRUCTURE SETUP                                    [0m
[0;36m================================================================================[0m

2025-06-29 01:42:25 [INFO] Stopping any existing services...
2025-06-29 01:42:25 [INFO] Starting Kafka, PostgreSQL, and LocalStack...
2025-06-29 01:42:25 [INFO] Executing: Infrastructure startup
2025-06-29 01:42:25 [DEBUG] Command: docker-compose -f docker-compose-working.yml up -d
 Network ingestion_framework_default  Creating
 Network ingestion_framework_default  Created
 Container postgres  Creating
 Container localstack  Creating
 Container zookeeper  Creating
 Container localstack  Created
 Container zookeeper  Created
 Container kafka  Creating
 Container postgres  Created
 Container kafka  Created
 Container kafka-ui  Creating
 Container kafka-ui  Created
 Container zookeeper  Starting
 Container postgres  Starting
 Container localstack  Starting
 Container localstack  Started
 Container zookeeper  Started
 Container zookeeper  Waiting
 Container postgres  Started
 Container zookeeper  Healthy
 Container kafka  Starting
 Container kafka  Started
 Container kafka  Waiting
 Container kafka  Healthy
 Container kafka-ui  Starting
 Container kafka-ui  Started
2025-06-29 01:42:49 [INFO] Infrastructure startup ✓
2025-06-29 01:43:19 [INFO] Checking Kafka health...
2025-06-29 01:43:20 [INFO] Kafka is healthy ✓
2025-06-29 01:43:20 [INFO] Checking PostgreSQL health...
2025-06-29 01:43:20 [INFO] PostgreSQL is healthy ✓
2025-06-29 01:43:20 [INFO] Checking LocalStack health...
2025-06-29 01:43:21 [INFO] LocalStack is healthy ✓

[0;36m================================================================================[0m
[0;36m                                    📊 PHASE 2: MULTI-SOURCE DATA SETUP                                    [0m
[0;36m================================================================================[0m

2025-06-29 01:43:21 [INFO] Creating Kafka topics for multi-source CDC...
2025-06-29 01:43:21 [INFO] Executing: E-commerce orders topic
2025-06-29 01:43:21 [DEBUG] Command: docker-compose -f docker-compose-working.yml exec -T kafka kafka-topics --create --bootstrap-server localhost:9092 --topic ecommerce.orders --partitions 3 --replication-factor 1
WARNING: Due to limitations in metric names, topics with a period ('.') or underscore ('_') could collide. To avoid issues it is best to use either, but not both.
Created topic ecommerce.orders.
2025-06-29 01:43:22 [INFO] E-commerce orders topic ✓
2025-06-29 01:43:22 [INFO] Executing: RDS users topic
2025-06-29 01:43:22 [DEBUG] Command: docker-compose -f docker-compose-working.yml exec -T kafka kafka-topics --create --bootstrap-server localhost:9092 --topic mysql.inventory.users --partitions 3 --replication-factor 1
WARNING: Due to limitations in metric names, topics with a period ('.') or underscore ('_') could collide. To avoid issues it is best to use either, but not both.
Created topic mysql.inventory.users.
2025-06-29 01:43:23 [INFO] RDS users topic ✓
2025-06-29 01:43:23 [INFO] Executing: MongoDB products topic
2025-06-29 01:43:23 [DEBUG] Command: docker-compose -f docker-compose-working.yml exec -T kafka kafka-topics --create --bootstrap-server localhost:9092 --topic mongodb.catalog.products --partitions 3 --replication-factor 1
WARNING: Due to limitations in metric names, topics with a period ('.') or underscore ('_') could collide. To avoid issues it is best to use either, but not both.
Created topic mongodb.catalog.products.
2025-06-29 01:43:25 [INFO] MongoDB products topic ✓
2025-06-29 01:43:25 [INFO] Executing: Schema evolution topic
2025-06-29 01:43:25 [DEBUG] Command: docker-compose -f docker-compose-working.yml exec -T kafka kafka-topics --create --bootstrap-server localhost:9092 --topic schema.evolution.demo --partitions 3 --replication-factor 1
WARNING: Due to limitations in metric names, topics with a period ('.') or underscore ('_') could collide. To avoid issues it is best to use either, but not both.
Created topic schema.evolution.demo.
2025-06-29 01:43:26 [INFO] Schema evolution topic ✓

[0;36m================================================================================[0m
[0;36m                                    🏭 PHASE 3: MULTI-SOURCE DATA INGESTION                                    [0m
[0;36m================================================================================[0m

2025-06-29 01:43:26 [INFO] Creating S3 buckets for raw and processed data...
2025-06-29 01:43:26 [INFO] Executing: Raw data bucket
2025-06-29 01:43:26 [DEBUG] Command: docker-compose -f docker-compose-working.yml exec -T localstack awslocal s3 mb s3://raw
make_bucket: raw
2025-06-29 01:43:26 [INFO] Raw data bucket ✓
2025-06-29 01:43:26 [INFO] Executing: Lakehouse bucket
2025-06-29 01:43:26 [DEBUG] Command: docker-compose -f docker-compose-working.yml exec -T localstack awslocal s3 mb s3://lake
make_bucket: lake
2025-06-29 01:43:27 [INFO] Lakehouse bucket ✓
2025-06-29 01:43:27 [INFO] Executing: Transformers bucket
2025-06-29 01:43:27 [DEBUG] Command: docker-compose -f docker-compose-working.yml exec -T localstack awslocal s3 mb s3://jars
make_bucket: jars
2025-06-29 01:43:27 [INFO] Transformers bucket ✓
2025-06-29 01:43:27 [INFO] Producing E-commerce Orders (ClickStream - Append Mode)...
2025-06-29 01:43:28 [INFO] Producing RDS CDC Data (MySQL Users - Upsert Mode)...
2025-06-29 01:43:30 [INFO] Producing MongoDB CDC Data (Product Catalog - Upsert Mode)...

[0;36m================================================================================[0m
[0;36m                                    🔄 PHASE 4: SCHEMA EVOLUTION DEMO                                    [0m
[0;36m================================================================================[0m

2025-06-29 01:43:31 [INFO] Producing data with evolved schema (new fields)...

[0;36m================================================================================[0m
[0;36m                                    🔍 PHASE 5: RESULTS VERIFICATION                                    [0m
[0;36m================================================================================[0m

2025-06-29 01:43:32 [INFO] Verifying ingested data...

[0;36m================================================================================[0m
[0;36m                                    🎯 DEMO SUMMARY & RESULTS                                    [0m
[0;36m================================================================================[0m

2025-06-29 01:43:39 [INFO] Demo completed successfully!
2025-06-29 01:43:39 [INFO] Total duration: 1m 14s
